#
# A fatal error has been detected by the Java Runtime Environment:
#
#  Internal Error (javaClasses.cpp:129), pid=4652, tid=5912
#  fatal error: Invalid layout of preloaded class
#
# JRE version: 7.0_17-b02
# Java VM: Java HotSpot(TM) Client VM (23.7-b01 mixed mode windows-x86 )
# Failed to write core dump. Minidumps are not enabled by default on client versions of Windows
#
# If you would like to submit a bug report, please visit:
#   http://bugreport.sun.com/bugreport/crash.jsp
#

---------------  T H R E A D  ---------------

Current thread (0x0082b400):  JavaThread "Unknown thread" [_thread_in_vm, id=5912, stack(0x00cd0000,0x00d20000)]

Stack: [0x00cd0000,0x00d20000],  sp=0x00d1f79c,  free space=317k
Native frames: (J=compiled Java code, j=interpreted, Vv=VM code, C=native code)
V  [jvm.dll+0x16f261]
V  [jvm.dll+0x1693d6]
V  [jvm.dll+0x2079f]
V  [jvm.dll+0x20826]
V  [jvm.dll+0x2e5bd]
V  [jvm.dll+0x2e869]
V  [jvm.dll+0x77ba1]
V  [jvm.dll+0x77f5b]
V  [jvm.dll+0x1290e1]
V  [jvm.dll+0x149b3a]
V  [jvm.dll+0xa98df]
C  [javaw.exe+0x13ca]
C  [javaw.exe+0x1e3c]
C  [javaw.exe+0xa5a1]
C  [javaw.exe+0xa62b]
C  [kernel32.dll+0x4ed6c]  BaseThreadInitThunk+0x12
C  [ntdll.dll+0x6377b]  RtlInitializeExceptionChain+0xef
C  [ntdll.dll+0x6374e]  RtlInitializeExceptionChain+0xc2


---------------  P R O C E S S  ---------------

Java Threads: ( => current thread )

Other Threads:

=>0x0082b400 (exited) JavaThread "Unknown thread" [_thread_in_vm, id=5912, stack(0x00cd0000,0x00d20000)]

VM state:not at safepoint (not fully initialized)

VM Mutex/Monitor currently owned by a thread: None

GC Heap History (0 events):
No events

Deoptimization events (0 events):
No events

Internal exceptions (0 events):
No events

Events (10 events):
Event: 0.011 loading class 0x019f67f8 done
Event: 0.011 loading class 0x019f5510 done
Event: 0.011 loading class 0x019f54e8
Event: 0.011 loading class 0x01a6bed0
Event: 0.011 loading class 0x01a6bed0 done
Event: 0.011 loading class 0x01a6bf08
Event: 0.011 loading class 0x01a6bf08 done
Event: 0.011 loading class 0x01a609c0
Event: 0.012 loading class 0x01a609c0 done
Event: 0.012 loading class 0x019f54e8 done


Dynamic libraries:
0x00da0000 - 0x00dcf000 	C:\Program Files\Java\jre7\bin\javaw.exe
0x77780000 - 0x778bc000 	C:\Windows\SYSTEM32\ntdll.dll
0x760e0000 - 0x761b4000 	C:\Windows\system32\kernel32.dll
0x759e0000 - 0x75a2b000 	C:\Windows\system32\KERNELBASE.dll
0x756c0000 - 0x75731000 	C:\Windows\System32\SYSFER.DLL
0x76750000 - 0x767f0000 	C:\Windows\system32\ADVAPI32.dll
0x76380000 - 0x7642c000 	C:\Windows\system32\msvcrt.dll
0x76350000 - 0x76369000 	C:\Windows\SYSTEM32\sechost.dll
0x767f0000 - 0x76891000 	C:\Windows\system32\RPCRT4.dll
0x76680000 - 0x76749000 	C:\Windows\system32\USER32.dll
0x75bf0000 - 0x75c3e000 	C:\Windows\system32\GDI32.dll
0x778c0000 - 0x778ca000 	C:\Windows\system32\LPK.dll
0x765e0000 - 0x7667d000 	C:\Windows\system32\USP10.dll
0x74310000 - 0x744ae000 	C:\Windows\WinSxS\x86_microsoft.windows.common-controls_6595b64144ccf1df_6.0.7601.17514_none_41e6975e2bd6f2b2\COMCTL32.dll
0x778e0000 - 0x77937000 	C:\Windows\system32\SHLWAPI.dll
0x77940000 - 0x7795f000 	C:\Windows\system32\IMM32.DLL
0x75b20000 - 0x75bec000 	C:\Windows\system32\MSCTF.dll
0x53a90000 - 0x53b4e000 	C:\Program Files\Java\jre7\bin\msvcr100.dll
0x56420000 - 0x5676c000 	C:\Program Files\Java\jre7\bin\client\jvm.dll
0x73100000 - 0x73107000 	C:\Windows\system32\WSOCK32.dll
0x77960000 - 0x77995000 	C:\Windows\system32\WS2_32.dll
0x76340000 - 0x76346000 	C:\Windows\system32\NSI.dll
0x72a30000 - 0x72a62000 	C:\Windows\system32\WINMM.dll
0x76370000 - 0x76375000 	C:\Windows\system32\PSAPI.DLL
0x5c980000 - 0x5c98c000 	C:\Program Files\Java\jre7\bin\verify.dll
0x5c960000 - 0x5c980000 	C:\Program Files\Java\jre7\bin\java.dll
0x5c940000 - 0x5c953000 	C:\Program Files\Java\jre7\bin\zip.dll
0x72420000 - 0x7250b000 	C:\Windows\system32\dbghelp.dll

VM Arguments:
jvm_args: -Dfile.encoding=Cp1252 -Xbootclasspath:C:\Users\swapnil\android-sdks\platforms\android-17\android.jar 
java_command: com.test.csvuploaderdownloader.Test
Launcher Type: SUN_STANDARD

Environment Variables:
CLASSPATH=.;C:\Program Files\Java\jre6\lib\ext\QTJava.zip
PATH=C:/Program Files/Java/jre7/bin/client;C:/Program Files/Java/jre7/bin;C:/Program Files/Java/jre7/lib/i386;C:\Windows\system32;C:\Windows;C:\Windows\System32\Wbem;C:\Windows\System32\WindowsPowerShell\v1.0\;C:\Program Files\Java\jdk1.6.0_31\bin;C:\Program Files\Microsoft SQL Server\100\Tools\Binn\;C:\Program Files\Microsoft SQL Server\100\DTS\Binn\;C:\Program Files\QuickTime\QTSystem\;C:\Ruby193\bin;C:\Users\swapnil\Desktop\eclipse;
USERNAME=swapnil
OS=Windows_NT
PROCESSOR_IDENTIFIER=x86 Family 6 Model 23 Stepping 6, GenuineIntel



---------------  S Y S T E M  ---------------

OS: Windows 7 Build 7601 Service Pack 1

CPU:total 2 (2 cores per cpu, 1 threads per core) family 6 model 23 stepping 6, cmov, cx8, fxsr, mmx, sse, sse2, sse3, ssse3, sse4.1, tsc

Memory: 4k page, physical 2086072k(517388k free), swap 4172144k(1836528k free)

vm_info: Java HotSpot(TM) Client VM (23.7-b01) for windows-x86 JRE (1.7.0_17-b02), built on Mar  1 2013 05:04:36 by "java_re" with unknown MS VC++:1600

time: Sat Mar 09 18:08:55 2013
elapsed time: 0 seconds

